<?xml version="1.0"?>
<!DOCTYPE coverage SYSTEM "https://raw.githubusercontent.com/cobertura/cobertura/master/cobertura/src/site/htdocs/xml/coverage-04.dtd">
<coverage 
line-rate="0.70" lines-covered="89" lines-valid="62" branches-covered="4" branches-valid="0" branch-rate="0.00" complexity="0" version="1.0" timestamp="1455346355360">
    <sources>
        <source>--source</source>
        <source>/home/knoldus/IdeaProjects/studentDatabase/src/main/scala</source>
        <source>/home/knoldus/IdeaProjects/studentDatabase/src/main/java</source>
    </sources>
    <packages>
        <package name="com.studentDatabase" line-rate="0.70" branch-rate="0.00" complexity="0">
            <classes>
                <class 
                name="StudentInfo" filename="com/studentDatabase/StudentInfo.scala" line-rate="0.63" branch-rate="0.00" complexity="0">
                    <methods>
                        <method name="com.studentDatabase/StudentInfo/updatePhone" signature="()V" line-rate="1.00" branch-rate="1.00">
                            <lines>
                                <line number="63" hits="1" branch="false"/>
                                <line number="63" hits="1" branch="false"/>
                                <line number="64" hits="1" branch="false"/>
                                <line number="62" hits="1" branch="false"/>
                            </lines>
                        </method>
                        <method name="com.studentDatabase/StudentInfo/updateEmail" signature="()V" line-rate="1.00" branch-rate="1.00">
                            <lines>
                                <line number="56" hits="1" branch="false"/>
                                <line number="54" hits="1" branch="false"/>
                                <line number="55" hits="1" branch="false"/>
                                <line number="55" hits="1" branch="false"/>
                            </lines>
                        </method>
                        <method name="com.studentDatabase/StudentInfo/display" signature="()V" line-rate="0.00" branch-rate="0.00">
                            <lines>
                                <line number="75" hits="0" branch="false"/>
                                <line number="74" hits="0" branch="false"/>
                                <line number="75" hits="0" branch="false"/>
                                <line number="75" hits="0" branch="false"/>
                                <line number="73" hits="0" branch="false"/>
                                <line number="75" hits="0" branch="false"/>
                                <line number="75" hits="0" branch="false"/>
                                <line number="74" hits="0" branch="false"/>
                                <line number="75" hits="0" branch="false"/>
                                <line number="75" hits="0" branch="false"/>
                                <line number="72" hits="0" branch="false"/>
                                <line number="75" hits="0" branch="false"/>
                                <line number="74" hits="0" branch="false"/>
                                <line number="75" hits="0" branch="false"/>
                                <line number="74" hits="0" branch="false"/>
                                <line number="75" hits="0" branch="false"/>
                            </lines>
                        </method>
                        <method name="com.studentDatabase/StudentInfo/getConnection" signature="()V" line-rate="1.00" branch-rate="1.00">
                            <lines>
                                <line number="19" hits="1" branch="false"/>
                                <line number="18" hits="1" branch="false"/>
                                <line number="21" hits="1" branch="false"/>
                                <line number="17" hits="1" branch="false"/>
                                <line number="20" hits="1" branch="false"/>
                            </lines>
                        </method>
                        <method name="com.studentDatabase/StudentInfo/&lt;none&gt;" signature="()V" line-rate="1.00" branch-rate="1.00">
                            <lines>
                                <line number="12" hits="1" branch="false"/>
                                <line number="12" hits="1" branch="false"/>
                            </lines>
                        </method>
                        <method name="com.studentDatabase/StudentInfo/insert" signature="()V" line-rate="1.00" branch-rate="1.00">
                            <lines>
                                <line number="28" hits="1" branch="false"/>
                                <line number="30" hits="1" branch="false"/>
                                <line number="29" hits="1" branch="false"/>
                                <line number="29" hits="1" branch="false"/>
                            </lines>
                        </method>
                        <method name="com.studentDatabase/StudentInfo/updateName" signature="()V" line-rate="1.00" branch-rate="1.00">
                            <lines>
                                <line number="46" hits="1" branch="false"/>
                                <line number="45" hits="1" branch="false"/>
                                <line number="47" hits="1" branch="false"/>
                                <line number="46" hits="1" branch="false"/>
                            </lines>
                        </method>
                        <method name="com.studentDatabase/StudentInfo/delete" signature="()V" line-rate="1.00" branch-rate="1.00">
                            <lines>
                                <line number="38" hits="1" branch="false"/>
                                <line number="38" hits="1" branch="false"/>
                                <line number="37" hits="1" branch="false"/>
                                <line number="39" hits="1" branch="false"/>
                            </lines>
                        </method>
                    </methods>
                    <lines>
                        <line number="56" hits="1" branch="false"/>
                        <line number="75" hits="0" branch="false"/>
                        <line number="74" hits="0" branch="false"/>
                        <line number="75" hits="0" branch="false"/>
                        <line number="46" hits="1" branch="false"/>
                        <line number="28" hits="1" branch="false"/>
                        <line number="63" hits="1" branch="false"/>
                        <line number="30" hits="1" branch="false"/>
                        <line number="75" hits="0" branch="false"/>
                        <line number="73" hits="0" branch="false"/>
                        <line number="54" hits="1" branch="false"/>
                        <line number="12" hits="1" branch="false"/>
                        <line number="19" hits="1" branch="false"/>
                        <line number="38" hits="1" branch="false"/>
                        <line number="75" hits="0" branch="false"/>
                        <line number="18" hits="1" branch="false"/>
                        <line number="38" hits="1" branch="false"/>
                        <line number="55" hits="1" branch="false"/>
                        <line number="75" hits="0" branch="false"/>
                        <line number="45" hits="1" branch="false"/>
                        <line number="21" hits="1" branch="false"/>
                        <line number="74" hits="0" branch="false"/>
                        <line number="63" hits="1" branch="false"/>
                        <line number="75" hits="0" branch="false"/>
                        <line number="29" hits="1" branch="false"/>
                        <line number="75" hits="0" branch="false"/>
                        <line number="12" hits="1" branch="false"/>
                        <line number="72" hits="0" branch="false"/>
                        <line number="47" hits="1" branch="false"/>
                        <line number="75" hits="0" branch="false"/>
                        <line number="64" hits="1" branch="false"/>
                        <line number="29" hits="1" branch="false"/>
                        <line number="46" hits="1" branch="false"/>
                        <line number="55" hits="1" branch="false"/>
                        <line number="37" hits="1" branch="false"/>
                        <line number="17" hits="1" branch="false"/>
                        <line number="74" hits="0" branch="false"/>
                        <line number="75" hits="0" branch="false"/>
                        <line number="39" hits="1" branch="false"/>
                        <line number="74" hits="0" branch="false"/>
                        <line number="75" hits="0" branch="false"/>
                        <line number="20" hits="1" branch="false"/>
                        <line number="62" hits="1" branch="false"/>
                    </lines>
</class>
                <class 
                name="SubjectInfo" filename="com/studentDatabase/SubjectInfo.scala" line-rate="0.65" branch-rate="0.00" complexity="0">
                    <methods>
                        <method name="com.studentDatabase/SubjectInfo/delete" signature="()V" line-rate="1.00" branch-rate="1.00">
                            <lines>
                                <line number="36" hits="1" branch="false"/>
                                <line number="38" hits="1" branch="false"/>
                                <line number="37" hits="1" branch="false"/>
                                <line number="37" hits="1" branch="false"/>
                            </lines>
                        </method>
                        <method name="com.studentDatabase/SubjectInfo/display" signature="()V" line-rate="0.00" branch-rate="0.00">
                            <lines>
                                <line number="55" hits="0" branch="false"/>
                                <line number="54" hits="0" branch="false"/>
                                <line number="52" hits="0" branch="false"/>
                                <line number="54" hits="0" branch="false"/>
                                <line number="54" hits="0" branch="false"/>
                                <line number="58" hits="0" branch="false"/>
                                <line number="51" hits="0" branch="false"/>
                                <line number="54" hits="0" branch="false"/>
                                <line number="54" hits="0" branch="false"/>
                                <line number="53" hits="0" branch="false"/>
                                <line number="56" hits="0" branch="false"/>
                            </lines>
                        </method>
                        <method name="com.studentDatabase/SubjectInfo/insert" signature="()V" line-rate="1.00" branch-rate="1.00">
                            <lines>
                                <line number="28" hits="1" branch="false"/>
                                <line number="27" hits="1" branch="false"/>
                                <line number="29" hits="1" branch="false"/>
                                <line number="28" hits="1" branch="false"/>
                            </lines>
                        </method>
                        <method name="com.studentDatabase/SubjectInfo/&lt;none&gt;" signature="()V" line-rate="1.00" branch-rate="1.00">
                            <lines>
                                <line number="12" hits="1" branch="false"/>
                                <line number="12" hits="1" branch="false"/>
                            </lines>
                        </method>
                        <method name="com.studentDatabase/SubjectInfo/updateSubjectName" signature="()V" line-rate="1.00" branch-rate="1.00">
                            <lines>
                                <line number="44" hits="1" branch="false"/>
                                <line number="44" hits="1" branch="false"/>
                                <line number="45" hits="1" branch="false"/>
                                <line number="43" hits="1" branch="false"/>
                            </lines>
                        </method>
                        <method name="com.studentDatabase/SubjectInfo/getConnection" signature="()V" line-rate="1.00" branch-rate="1.00">
                            <lines>
                                <line number="17" hits="1" branch="false"/>
                                <line number="20" hits="1" branch="false"/>
                                <line number="19" hits="1" branch="false"/>
                                <line number="16" hits="1" branch="false"/>
                                <line number="18" hits="1" branch="false"/>
                                <line number="21" hits="1" branch="false"/>
                            </lines>
                        </method>
                    </methods>
                    <lines>
                        <line number="55" hits="0" branch="false"/>
                        <line number="54" hits="0" branch="false"/>
                        <line number="44" hits="1" branch="false"/>
                        <line number="28" hits="1" branch="false"/>
                        <line number="12" hits="1" branch="false"/>
                        <line number="17" hits="1" branch="false"/>
                        <line number="52" hits="0" branch="false"/>
                        <line number="54" hits="0" branch="false"/>
                        <line number="36" hits="1" branch="false"/>
                        <line number="38" hits="1" branch="false"/>
                        <line number="20" hits="1" branch="false"/>
                        <line number="54" hits="0" branch="false"/>
                        <line number="37" hits="1" branch="false"/>
                        <line number="19" hits="1" branch="false"/>
                        <line number="58" hits="0" branch="false"/>
                        <line number="27" hits="1" branch="false"/>
                        <line number="44" hits="1" branch="false"/>
                        <line number="51" hits="0" branch="false"/>
                        <line number="54" hits="0" branch="false"/>
                        <line number="29" hits="1" branch="false"/>
                        <line number="16" hits="1" branch="false"/>
                        <line number="12" hits="1" branch="false"/>
                        <line number="54" hits="0" branch="false"/>
                        <line number="28" hits="1" branch="false"/>
                        <line number="45" hits="1" branch="false"/>
                        <line number="18" hits="1" branch="false"/>
                        <line number="37" hits="1" branch="false"/>
                        <line number="53" hits="0" branch="false"/>
                        <line number="56" hits="0" branch="false"/>
                        <line number="43" hits="1" branch="false"/>
                        <line number="21" hits="1" branch="false"/>
                    </lines>
</class>
                <class 
                name="StudentSubject" filename="com/studentDatabase/StudentSubject.scala" line-rate="1.00" branch-rate="1.00" complexity="0">
                    <methods>
                        <method name="com.studentDatabase/StudentSubject/getConnection" signature="()V" line-rate="1.00" branch-rate="1.00">
                            <lines>
                                <line number="19" hits="1" branch="false"/>
                                <line number="16" hits="1" branch="false"/>
                                <line number="15" hits="1" branch="false"/>
                                <line number="18" hits="1" branch="false"/>
                                <line number="17" hits="1" branch="false"/>
                            </lines>
                        </method>
                        <method name="com.studentDatabase/StudentSubject/delete" signature="()V" line-rate="1.00" branch-rate="1.00">
                            <lines>
                                <line number="36" hits="1" branch="false"/>
                                <line number="35" hits="1" branch="false"/>
                                <line number="37" hits="1" branch="false"/>
                                <line number="36" hits="1" branch="false"/>
                            </lines>
                        </method>
                        <method name="com.studentDatabase/StudentSubject/&lt;none&gt;" signature="()V" line-rate="1.00" branch-rate="1.00">
                            <lines>
                                <line number="11" hits="1" branch="false"/>
                                <line number="11" hits="1" branch="false"/>
                            </lines>
                        </method>
                        <method name="com.studentDatabase/StudentSubject/insert" signature="()V" line-rate="1.00" branch-rate="1.00">
                            <lines>
                                <line number="26" hits="1" branch="false"/>
                                <line number="26" hits="1" branch="false"/>
                                <line number="27" hits="1" branch="false"/>
                                <line number="25" hits="1" branch="false"/>
                            </lines>
                        </method>
                    </methods>
                    <lines>
                        <line number="19" hits="1" branch="false"/>
                        <line number="26" hits="1" branch="false"/>
                        <line number="11" hits="1" branch="false"/>
                        <line number="36" hits="1" branch="false"/>
                        <line number="16" hits="1" branch="false"/>
                        <line number="15" hits="1" branch="false"/>
                        <line number="35" hits="1" branch="false"/>
                        <line number="37" hits="1" branch="false"/>
                        <line number="18" hits="1" branch="false"/>
                        <line number="26" hits="1" branch="false"/>
                        <line number="11" hits="1" branch="false"/>
                        <line number="27" hits="1" branch="false"/>
                        <line number="17" hits="1" branch="false"/>
                        <line number="36" hits="1" branch="false"/>
                        <line number="25" hits="1" branch="false"/>
                    </lines>
</class>
            </classes>
        </package>
    </packages>
</coverage>
